
> desktop-app@0.0.0 dev
> vite

Port 5173 is in use, trying another one...
vite v5.4.19 building for development...

watching for file changes...
vite v5.4.19 building for development...

watching for file changes...

build started...

build started...

  VITE v5.4.19  ready in 145 ms

  ➜  Local:   http://localhost:5174/
  ➜  Network: use --host to expose
  ➜  press h + enter to show help
transforming...
✓ 1 modules transformed.
transforming...
rendering chunks...
✓ 1 modules transformed.
computing gzip size...
rendering chunks...
dist-electron/preload.mjs  1.39 kB │ gzip: 0.47 kB
built in 41ms.
computing gzip size...
dist-electron/main.js  3.57 kB │ gzip: 1.29 kB
built in 42ms.
[Server Backend ERROR]: /Users/matthewkalender/Desktop/RAGgedy/apps/server-backend/dist/services/vectorService.js:2
var __importDefault = (this && this.__importDefault) || function (mod) {
2025-08-14 04:18:56.798 Electron[6533:67191753] +[IMKClient subclass]: chose IMKClient_Modern
2025-08-14 04:18:56.799 Electron[6533:67191753] +[IMKInputSession subclass]: chose IMKInputSession_Modern
